<?xml version="1.0" encoding="UTF-8"?>
<!-- Generated by org.testng.reporters.JUnitReportReporter -->
<testsuite hostname="Anurag-PC" name="com.webproject.EcommerceTest.EcommerceSiteTest" tests="1" failures="0" timestamp="28 May 2019 05:43:47 GMT" time="16.280" errors="0">
  <testcase name="LaunchEcommerceSiteTest" time="16.280" classname="com.webproject.EcommerceTest.EcommerceSiteTest"/>
</testsuite> <!-- com.webproject.EcommerceTest.EcommerceSiteTest -->
